INFO main asa.client.SlickLogger - Found 3 controllers
INFO main asa.client.SlickLogger - 0 : Micr
INFO main asa.client.SlickLogger - 1 : Micr
INFO main asa.client.SlickLogger - 2 : Micr
DEBUG main asa.client.AsaGame - Available processors: 4
DEBUG main asa.client.AsaGame - Free memory: 12532000
DEBUG main asa.client.AsaGame - Max memory: 259522560
DEBUG main asa.client.AsaGame - Total memory: 16252928
INFO main asa.client.SlickLogger - Slick Build #274
INFO main asa.client.SlickLogger - LWJGL Version: 2.8.5
INFO main asa.client.SlickLogger - OriginalDisplayMode: 1366 x 768 x 32 @60Hz
INFO main asa.client.SlickLogger - TargetDisplayMode: 800 x 500 x 0 @0Hz
INFO main asa.client.SlickLogger - Starting display 800x500
INFO main asa.client.SlickLogger - Use Java PNG Loader = true
INFO main asa.client.SlickLogger - Found 3 controllers
INFO main asa.client.SlickLogger - 0 : Micr
INFO main asa.client.SlickLogger - 1 : Micr
INFO main asa.client.SlickLogger - 2 : Micr
DEBUG main asa.client.AsaGame - Available processors: 4
DEBUG main asa.client.AsaGame - Free memory: 12535152
DEBUG main asa.client.AsaGame - Max memory: 259522560
DEBUG main asa.client.AsaGame - Total memory: 16252928
INFO main asa.client.SlickLogger - Slick Build #274
INFO main asa.client.SlickLogger - LWJGL Version: 2.8.5
INFO main asa.client.SlickLogger - OriginalDisplayMode: 1366 x 768 x 32 @60Hz
INFO main asa.client.SlickLogger - TargetDisplayMode: 800 x 500 x 0 @0Hz
INFO main asa.client.SlickLogger - Starting display 800x500
INFO main asa.client.SlickLogger - Use Java PNG Loader = true
INFO main asa.client.SlickLogger - Found 3 controllers
INFO main asa.client.SlickLogger - 0 : Micr
INFO main asa.client.SlickLogger - 1 : Micr
INFO main asa.client.SlickLogger - 2 : Micr
DEBUG main asa.client.AsaGame - Available processors: 4
DEBUG main asa.client.AsaGame - Free memory: 12531216
DEBUG main asa.client.AsaGame - Max memory: 259522560
DEBUG main asa.client.AsaGame - Total memory: 16252928
INFO main asa.client.SlickLogger - Slick Build #274
INFO main asa.client.SlickLogger - LWJGL Version: 2.8.5
INFO main asa.client.SlickLogger - OriginalDisplayMode: 1366 x 768 x 32 @60Hz
INFO main asa.client.SlickLogger - TargetDisplayMode: 800 x 500 x 0 @0Hz
INFO main asa.client.SlickLogger - Starting display 800x500
INFO main asa.client.SlickLogger - Use Java PNG Loader = true
INFO main asa.client.SlickLogger - Found 3 controllers
INFO main asa.client.SlickLogger - 0 : Micr
INFO main asa.client.SlickLogger - 1 : Micr
INFO main asa.client.SlickLogger - 2 : Micr
DEBUG main asa.client.AsaGame - Available processors: 4
DEBUG main asa.client.AsaGame - Free memory: 12531144
DEBUG main asa.client.AsaGame - Max memory: 259522560
DEBUG main asa.client.AsaGame - Total memory: 16252928
INFO main asa.client.SlickLogger - Slick Build #274
INFO main asa.client.SlickLogger - LWJGL Version: 2.8.5
INFO main asa.client.SlickLogger - OriginalDisplayMode: 1366 x 768 x 32 @60Hz
INFO main asa.client.SlickLogger - TargetDisplayMode: 800 x 500 x 0 @0Hz
INFO main asa.client.SlickLogger - Starting display 800x500
INFO main asa.client.SlickLogger - Use Java PNG Loader = true
INFO main asa.client.SlickLogger - Found 3 controllers
INFO main asa.client.SlickLogger - 0 : Micr
INFO main asa.client.SlickLogger - 1 : Micr
INFO main asa.client.SlickLogger - 2 : Micr
DEBUG main asa.client.AsaGame - Available processors: 4
DEBUG main asa.client.AsaGame - Free memory: 12530008
DEBUG main asa.client.AsaGame - Max memory: 259522560
DEBUG main asa.client.AsaGame - Total memory: 16252928
INFO main asa.client.SlickLogger - Slick Build #274
INFO main asa.client.SlickLogger - LWJGL Version: 2.8.5
INFO main asa.client.SlickLogger - OriginalDisplayMode: 1366 x 768 x 32 @60Hz
INFO main asa.client.SlickLogger - TargetDisplayMode: 800 x 500 x 0 @0Hz
INFO main asa.client.SlickLogger - Starting display 800x500
INFO main asa.client.SlickLogger - Use Java PNG Loader = true
INFO main asa.client.SlickLogger - Found 3 controllers
INFO main asa.client.SlickLogger - 0 : Micr
INFO main asa.client.SlickLogger - 1 : Micr
INFO main asa.client.SlickLogger - 2 : Micr
DEBUG main asa.client.AsaGame - Available processors: 4
DEBUG main asa.client.AsaGame - Free memory: 12530544
DEBUG main asa.client.AsaGame - Max memory: 259522560
DEBUG main asa.client.AsaGame - Total memory: 16252928
INFO main asa.client.SlickLogger - Slick Build #274
INFO main asa.client.SlickLogger - LWJGL Version: 2.8.5
INFO main asa.client.SlickLogger - OriginalDisplayMode: 1366 x 768 x 32 @60Hz
INFO main asa.client.SlickLogger - TargetDisplayMode: 800 x 500 x 0 @0Hz
INFO main asa.client.SlickLogger - Starting display 800x500
INFO main asa.client.SlickLogger - Use Java PNG Loader = true
INFO main asa.client.SlickLogger - Found 3 controllers
INFO main asa.client.SlickLogger - 0 : Micr
INFO main asa.client.SlickLogger - 1 : Micr
INFO main asa.client.SlickLogger - 2 : Micr
DEBUG main asa.client.AsaGame - Available processors: 4
DEBUG main asa.client.AsaGame - Free memory: 12531144
DEBUG main asa.client.AsaGame - Max memory: 259522560
DEBUG main asa.client.AsaGame - Total memory: 16252928
INFO main asa.client.SlickLogger - Slick Build #274
INFO main asa.client.SlickLogger - LWJGL Version: 2.8.5
INFO main asa.client.SlickLogger - OriginalDisplayMode: 1366 x 768 x 32 @60Hz
INFO main asa.client.SlickLogger - TargetDisplayMode: 800 x 500 x 0 @0Hz
INFO main asa.client.SlickLogger - Starting display 800x500
INFO main asa.client.SlickLogger - Use Java PNG Loader = true
INFO main asa.client.SlickLogger - Found 3 controllers
INFO main asa.client.SlickLogger - 0 : Micr
INFO main asa.client.SlickLogger - 1 : Micr
INFO main asa.client.SlickLogger - 2 : Micr
DEBUG main asa.client.AsaGame - Available processors: 4
DEBUG main asa.client.AsaGame - Free memory: 12532600
DEBUG main asa.client.AsaGame - Max memory: 259522560
DEBUG main asa.client.AsaGame - Total memory: 16252928
INFO main asa.client.SlickLogger - Slick Build #274
INFO main asa.client.SlickLogger - LWJGL Version: 2.8.5
INFO main asa.client.SlickLogger - OriginalDisplayMode: 1366 x 768 x 32 @60Hz
INFO main asa.client.SlickLogger - TargetDisplayMode: 800 x 500 x 0 @0Hz
INFO main asa.client.SlickLogger - Starting display 800x500
INFO main asa.client.SlickLogger - Use Java PNG Loader = true
INFO main asa.client.SlickLogger - Found 3 controllers
INFO main asa.client.SlickLogger - 0 : Micr
INFO main asa.client.SlickLogger - 1 : Micr
INFO main asa.client.SlickLogger - 2 : Micr
DEBUG main asa.client.AsaGame - Available processors: 4
DEBUG main asa.client.AsaGame - Free memory: 12532064
DEBUG main asa.client.AsaGame - Max memory: 259522560
DEBUG main asa.client.AsaGame - Total memory: 16252928
INFO main asa.client.SlickLogger - Slick Build #274
INFO main asa.client.SlickLogger - LWJGL Version: 2.8.5
INFO main asa.client.SlickLogger - OriginalDisplayMode: 1366 x 768 x 32 @60Hz
INFO main asa.client.SlickLogger - TargetDisplayMode: 800 x 500 x 0 @0Hz
INFO main asa.client.SlickLogger - Starting display 800x500
INFO main asa.client.SlickLogger - Use Java PNG Loader = true
INFO main asa.client.SlickLogger - Found 3 controllers
INFO main asa.client.SlickLogger - 0 : Micr
INFO main asa.client.SlickLogger - 1 : Micr
INFO main asa.client.SlickLogger - 2 : Micr
DEBUG main asa.client.AsaGame - Available processors: 4
DEBUG main asa.client.AsaGame - Free memory: 12531464
DEBUG main asa.client.AsaGame - Max memory: 259522560
DEBUG main asa.client.AsaGame - Total memory: 16252928
INFO main asa.client.SlickLogger - Slick Build #274
INFO main asa.client.SlickLogger - LWJGL Version: 2.8.5
INFO main asa.client.SlickLogger - OriginalDisplayMode: 1366 x 768 x 32 @60Hz
INFO main asa.client.SlickLogger - TargetDisplayMode: 800 x 500 x 0 @0Hz
INFO main asa.client.SlickLogger - Starting display 800x500
INFO main asa.client.SlickLogger - Use Java PNG Loader = true
INFO main asa.client.SlickLogger - Found 3 controllers
INFO main asa.client.SlickLogger - 0 : Micr
INFO main asa.client.SlickLogger - 1 : Micr
INFO main asa.client.SlickLogger - 2 : Micr
DEBUG main asa.client.AsaGame - Available processors: 4
DEBUG main asa.client.AsaGame - Free memory: 12531464
DEBUG main asa.client.AsaGame - Max memory: 259522560
DEBUG main asa.client.AsaGame - Total memory: 16252928
INFO main asa.client.SlickLogger - Slick Build #274
INFO main asa.client.SlickLogger - LWJGL Version: 2.8.5
INFO main asa.client.SlickLogger - OriginalDisplayMode: 1366 x 768 x 32 @60Hz
INFO main asa.client.SlickLogger - TargetDisplayMode: 800 x 500 x 0 @0Hz
INFO main asa.client.SlickLogger - Starting display 800x500
INFO main asa.client.SlickLogger - Use Java PNG Loader = true
INFO main asa.client.SlickLogger - Found 3 controllers
INFO main asa.client.SlickLogger - 0 : Micr
INFO main asa.client.SlickLogger - 1 : Micr
INFO main asa.client.SlickLogger - 2 : Micr
DEBUG main asa.client.AsaGame - Available processors: 4
DEBUG main asa.client.AsaGame - Free memory: 12531464
DEBUG main asa.client.AsaGame - Max memory: 259522560
DEBUG main asa.client.AsaGame - Total memory: 16252928
INFO main asa.client.SlickLogger - Slick Build #274
INFO main asa.client.SlickLogger - LWJGL Version: 2.8.5
INFO main asa.client.SlickLogger - OriginalDisplayMode: 1920 x 1080 x 32 @59Hz
INFO main asa.client.SlickLogger - TargetDisplayMode: 1920 x 1080 x 32 @59Hz
INFO main asa.client.SlickLogger - Starting display 1920x1080
INFO main asa.client.SlickLogger - Use Java PNG Loader = true
INFO main asa.client.SlickLogger - Found 3 controllers
INFO main asa.client.SlickLogger - 0 : Micr
INFO main asa.client.SlickLogger - 1 : Micr
INFO main asa.client.SlickLogger - 2 : Micr
DEBUG main asa.client.AsaGame - Available processors: 4
DEBUG main asa.client.AsaGame - Free memory: 12531464
DEBUG main asa.client.AsaGame - Max memory: 259522560
DEBUG main asa.client.AsaGame - Total memory: 16252928
INFO main asa.client.SlickLogger - Slick Build #274
INFO main asa.client.SlickLogger - LWJGL Version: 2.8.5
INFO main asa.client.SlickLogger - OriginalDisplayMode: 1920 x 1080 x 32 @59Hz
INFO main asa.client.SlickLogger - TargetDisplayMode: 1920 x 1080 x 32 @59Hz
INFO main asa.client.SlickLogger - Starting display 1920x1080
INFO main asa.client.SlickLogger - Use Java PNG Loader = true
INFO main asa.client.SlickLogger - Found 3 controllers
INFO main asa.client.SlickLogger - 0 : Micr
INFO main asa.client.SlickLogger - 1 : Micr
INFO main asa.client.SlickLogger - 2 : Micr
DEBUG main asa.client.AsaGame - Available processors: 4
DEBUG main asa.client.AsaGame - Free memory: 12530608
DEBUG main asa.client.AsaGame - Max memory: 259522560
DEBUG main asa.client.AsaGame - Total memory: 16252928
INFO main asa.client.SlickLogger - Slick Build #274
INFO main asa.client.SlickLogger - LWJGL Version: 2.8.5
INFO main asa.client.SlickLogger - OriginalDisplayMode: 1920 x 1080 x 32 @59Hz
INFO main asa.client.SlickLogger - TargetDisplayMode: 1920 x 1080 x 32 @59Hz
INFO main asa.client.SlickLogger - Starting display 1920x1080
INFO main asa.client.SlickLogger - Use Java PNG Loader = true
INFO main asa.client.SlickLogger - Found 3 controllers
INFO main asa.client.SlickLogger - 0 : Micr
INFO main asa.client.SlickLogger - 1 : Micr
INFO main asa.client.SlickLogger - 2 : Micr
DEBUG main asa.client.AsaGame - Available processors: 4
DEBUG main asa.client.AsaGame - Free memory: 12530008
DEBUG main asa.client.AsaGame - Max memory: 259522560
DEBUG main asa.client.AsaGame - Total memory: 16252928
INFO main asa.client.SlickLogger - Slick Build #274
INFO main asa.client.SlickLogger - LWJGL Version: 2.8.5
INFO main asa.client.SlickLogger - OriginalDisplayMode: 1920 x 1080 x 32 @59Hz
INFO main asa.client.SlickLogger - TargetDisplayMode: 1920 x 1080 x 32 @59Hz
INFO main asa.client.SlickLogger - Starting display 1920x1080
INFO main asa.client.SlickLogger - Use Java PNG Loader = true
INFO main asa.client.SlickLogger - Found 3 controllers
INFO main asa.client.SlickLogger - 0 : Micr
INFO main asa.client.SlickLogger - 1 : Micr
INFO main asa.client.SlickLogger - 2 : Micr
DEBUG main asa.client.AsaGame - Available processors: 4
DEBUG main asa.client.AsaGame - Free memory: 12532064
DEBUG main asa.client.AsaGame - Max memory: 259522560
DEBUG main asa.client.AsaGame - Total memory: 16252928
INFO main asa.client.SlickLogger - Slick Build #274
INFO main asa.client.SlickLogger - LWJGL Version: 2.8.5
INFO main asa.client.SlickLogger - OriginalDisplayMode: 1920 x 1080 x 32 @59Hz
INFO main asa.client.SlickLogger - TargetDisplayMode: 1920 x 1080 x 32 @59Hz
INFO main asa.client.SlickLogger - Starting display 1920x1080
INFO main asa.client.SlickLogger - Use Java PNG Loader = true
INFO main asa.client.SlickLogger - Found 3 controllers
INFO main asa.client.SlickLogger - 0 : Micr
INFO main asa.client.SlickLogger - 1 : Micr
INFO main asa.client.SlickLogger - 2 : Micr
DEBUG main asa.client.AsaGame - Available processors: 4
DEBUG main asa.client.AsaGame - Free memory: 12531464
DEBUG main asa.client.AsaGame - Max memory: 259522560
DEBUG main asa.client.AsaGame - Total memory: 16252928
INFO main asa.client.SlickLogger - Slick Build #274
INFO main asa.client.SlickLogger - LWJGL Version: 2.8.5
INFO main asa.client.SlickLogger - OriginalDisplayMode: 1920 x 1080 x 32 @59Hz
INFO main asa.client.SlickLogger - TargetDisplayMode: 1920 x 1080 x 32 @59Hz
INFO main asa.client.SlickLogger - Starting display 1920x1080
INFO main asa.client.SlickLogger - Use Java PNG Loader = true
INFO main asa.client.SlickLogger - Found 3 controllers
INFO main asa.client.SlickLogger - 0 : Micr
INFO main asa.client.SlickLogger - 1 : Micr
INFO main asa.client.SlickLogger - 2 : Micr
DEBUG main asa.client.AsaGame - Available processors: 4
DEBUG main asa.client.AsaGame - Free memory: 12531464
DEBUG main asa.client.AsaGame - Max memory: 259522560
DEBUG main asa.client.AsaGame - Total memory: 16252928
INFO main asa.client.SlickLogger - Slick Build #274
INFO main asa.client.SlickLogger - LWJGL Version: 2.8.5
INFO main asa.client.SlickLogger - OriginalDisplayMode: 1920 x 1080 x 32 @59Hz
INFO main asa.client.SlickLogger - TargetDisplayMode: 1920 x 1080 x 32 @59Hz
INFO main asa.client.SlickLogger - Starting display 1920x1080
INFO main asa.client.SlickLogger - Use Java PNG Loader = true
INFO main asa.client.SlickLogger - Found 3 controllers
INFO main asa.client.SlickLogger - 0 : Micr
INFO main asa.client.SlickLogger - 1 : Micr
INFO main asa.client.SlickLogger - 2 : Micr
DEBUG main asa.client.AsaGame - Available processors: 4
DEBUG main asa.client.AsaGame - Free memory: 12530080
DEBUG main asa.client.AsaGame - Max memory: 259522560
DEBUG main asa.client.AsaGame - Total memory: 16252928
INFO main asa.client.SlickLogger - Slick Build #274
INFO main asa.client.SlickLogger - LWJGL Version: 2.8.5
INFO main asa.client.SlickLogger - OriginalDisplayMode: 1920 x 1080 x 32 @59Hz
INFO main asa.client.SlickLogger - TargetDisplayMode: 1920 x 1080 x 32 @59Hz
INFO main asa.client.SlickLogger - Starting display 1920x1080
INFO main asa.client.SlickLogger - Use Java PNG Loader = true
INFO main asa.client.SlickLogger - Found 3 controllers
INFO main asa.client.SlickLogger - 0 : Micr
INFO main asa.client.SlickLogger - 1 : Micr
INFO main asa.client.SlickLogger - 2 : Micr
DEBUG main asa.client.AsaGame - Available processors: 4
DEBUG main asa.client.AsaGame - Free memory: 12530008
DEBUG main asa.client.AsaGame - Max memory: 259522560
DEBUG main asa.client.AsaGame - Total memory: 16252928
INFO main asa.client.SlickLogger - Slick Build #274
INFO main asa.client.SlickLogger - LWJGL Version: 2.8.5
INFO main asa.client.SlickLogger - OriginalDisplayMode: 1920 x 1080 x 32 @59Hz
INFO main asa.client.SlickLogger - TargetDisplayMode: 1920 x 1080 x 32 @59Hz
INFO main asa.client.SlickLogger - Starting display 1920x1080
INFO main asa.client.SlickLogger - Use Java PNG Loader = true
INFO main asa.client.SlickLogger - Found 3 controllers
INFO main asa.client.SlickLogger - 0 : Micr
INFO main asa.client.SlickLogger - 1 : Micr
INFO main asa.client.SlickLogger - 2 : Micr
DEBUG main asa.client.AsaGame - Available processors: 4
DEBUG main asa.client.AsaGame - Free memory: 12530008
DEBUG main asa.client.AsaGame - Max memory: 259522560
DEBUG main asa.client.AsaGame - Total memory: 16252928
INFO main asa.client.SlickLogger - Slick Build #274
INFO main asa.client.SlickLogger - LWJGL Version: 2.8.5
INFO main asa.client.SlickLogger - OriginalDisplayMode: 1920 x 1080 x 32 @59Hz
INFO main asa.client.SlickLogger - TargetDisplayMode: 1920 x 1080 x 32 @59Hz
INFO main asa.client.SlickLogger - Starting display 1920x1080
INFO main asa.client.SlickLogger - Use Java PNG Loader = true
INFO main asa.client.SlickLogger - Found 3 controllers
INFO main asa.client.SlickLogger - 0 : Micr
INFO main asa.client.SlickLogger - 1 : Micr
INFO main asa.client.SlickLogger - 2 : Micr
DEBUG main asa.client.AsaGame - Available processors: 4
DEBUG main asa.client.AsaGame - Free memory: 12531144
DEBUG main asa.client.AsaGame - Max memory: 259522560
DEBUG main asa.client.AsaGame - Total memory: 16252928
INFO main asa.client.SlickLogger - Slick Build #274
INFO main asa.client.SlickLogger - LWJGL Version: 2.8.5
INFO main asa.client.SlickLogger - OriginalDisplayMode: 1920 x 1080 x 32 @59Hz
INFO main asa.client.SlickLogger - TargetDisplayMode: 1920 x 1080 x 32 @59Hz
INFO main asa.client.SlickLogger - Starting display 1920x1080
INFO main asa.client.SlickLogger - Use Java PNG Loader = true
INFO main asa.client.SlickLogger - Found 3 controllers
INFO main asa.client.SlickLogger - 0 : Micr
INFO main asa.client.SlickLogger - 1 : Micr
INFO main asa.client.SlickLogger - 2 : Micr
DEBUG main asa.client.AsaGame - Available processors: 4
DEBUG main asa.client.AsaGame - Free memory: 12532064
DEBUG main asa.client.AsaGame - Max memory: 259522560
DEBUG main asa.client.AsaGame - Total memory: 16252928
INFO main asa.client.SlickLogger - Slick Build #274
INFO main asa.client.SlickLogger - LWJGL Version: 2.8.5
INFO main asa.client.SlickLogger - OriginalDisplayMode: 1920 x 1080 x 32 @59Hz
INFO main asa.client.SlickLogger - TargetDisplayMode: 1920 x 1080 x 32 @59Hz
INFO main asa.client.SlickLogger - Starting display 1920x1080
INFO main asa.client.SlickLogger - Use Java PNG Loader = true
INFO main asa.client.SlickLogger - Found 3 controllers
INFO main asa.client.SlickLogger - 0 : Micr
INFO main asa.client.SlickLogger - 1 : Micr
INFO main asa.client.SlickLogger - 2 : Micr
DEBUG main asa.client.AsaGame - Available processors: 4
DEBUG main asa.client.AsaGame - Free memory: 12530080
DEBUG main asa.client.AsaGame - Max memory: 259522560
DEBUG main asa.client.AsaGame - Total memory: 16252928
INFO main asa.client.SlickLogger - Slick Build #274
INFO main asa.client.SlickLogger - LWJGL Version: 2.8.5
INFO main asa.client.SlickLogger - OriginalDisplayMode: 1920 x 1080 x 32 @59Hz
INFO main asa.client.SlickLogger - TargetDisplayMode: 1920 x 1080 x 32 @59Hz
INFO main asa.client.SlickLogger - Starting display 1920x1080
INFO main asa.client.SlickLogger - Use Java PNG Loader = true
INFO main asa.client.SlickLogger - Found 3 controllers
INFO main asa.client.SlickLogger - 0 : Micr
INFO main asa.client.SlickLogger - 1 : Micr
INFO main asa.client.SlickLogger - 2 : Micr
DEBUG main asa.client.AsaGame - Available processors: 4
DEBUG main asa.client.AsaGame - Free memory: 12532064
DEBUG main asa.client.AsaGame - Max memory: 259522560
DEBUG main asa.client.AsaGame - Total memory: 16252928
INFO main asa.client.SlickLogger - Slick Build #274
INFO main asa.client.SlickLogger - LWJGL Version: 2.8.5
INFO main asa.client.SlickLogger - OriginalDisplayMode: 1920 x 1080 x 32 @59Hz
INFO main asa.client.SlickLogger - TargetDisplayMode: 1920 x 1080 x 32 @59Hz
INFO main asa.client.SlickLogger - Starting display 1920x1080
INFO main asa.client.SlickLogger - Use Java PNG Loader = true
INFO main asa.client.SlickLogger - Found 3 controllers
INFO main asa.client.SlickLogger - 0 : Micr
INFO main asa.client.SlickLogger - 1 : Micr
INFO main asa.client.SlickLogger - 2 : Micr
DEBUG main asa.client.AsaGame - Available processors: 4
DEBUG main asa.client.AsaGame - Free memory: 12530008
DEBUG main asa.client.AsaGame - Max memory: 259522560
DEBUG main asa.client.AsaGame - Total memory: 16252928
INFO main asa.client.SlickLogger - Slick Build #274
INFO main asa.client.SlickLogger - LWJGL Version: 2.8.5
INFO main asa.client.SlickLogger - OriginalDisplayMode: 1920 x 1080 x 32 @59Hz
INFO main asa.client.SlickLogger - TargetDisplayMode: 1920 x 1080 x 32 @59Hz
INFO main asa.client.SlickLogger - Starting display 1920x1080
INFO main asa.client.SlickLogger - Use Java PNG Loader = true
INFO main asa.client.SlickLogger - Found 3 controllers
INFO main asa.client.SlickLogger - 0 : Micr
INFO main asa.client.SlickLogger - 1 : Micr
INFO main asa.client.SlickLogger - 2 : Micr
DEBUG main asa.client.AsaGame - Available processors: 4
DEBUG main asa.client.AsaGame - Free memory: 12531464
DEBUG main asa.client.AsaGame - Max memory: 259522560
DEBUG main asa.client.AsaGame - Total memory: 16252928
INFO main asa.client.SlickLogger - Slick Build #274
INFO main asa.client.SlickLogger - LWJGL Version: 2.8.5
INFO main asa.client.SlickLogger - OriginalDisplayMode: 1366 x 768 x 32 @60Hz
INFO main asa.client.SlickLogger - TargetDisplayMode: 1366 x 768 x 32 @60Hz
INFO main asa.client.SlickLogger - Starting display 1366x768
INFO main asa.client.SlickLogger - Use Java PNG Loader = true
INFO main asa.client.SlickLogger - Found 3 controllers
INFO main asa.client.SlickLogger - 0 : Micr
INFO main asa.client.SlickLogger - 1 : Micr
INFO main asa.client.SlickLogger - 2 : Micr
DEBUG main asa.client.AsaGame - Available processors: 4
DEBUG main asa.client.AsaGame - Free memory: 12534488
DEBUG main asa.client.AsaGame - Max memory: 259522560
DEBUG main asa.client.AsaGame - Total memory: 16252928
INFO main asa.client.SlickLogger - Slick Build #274
INFO main asa.client.SlickLogger - LWJGL Version: 2.8.5
INFO main asa.client.SlickLogger - OriginalDisplayMode: 1366 x 768 x 32 @60Hz
INFO main asa.client.SlickLogger - TargetDisplayMode: 1366 x 768 x 32 @60Hz
INFO main asa.client.SlickLogger - Starting display 1366x768
INFO main asa.client.SlickLogger - Use Java PNG Loader = true
INFO main asa.client.SlickLogger - Found 3 controllers
INFO main asa.client.SlickLogger - 0 : Micr
INFO main asa.client.SlickLogger - 1 : Micr
INFO main asa.client.SlickLogger - 2 : Micr
DEBUG main asa.client.AsaGame - Available processors: 4
DEBUG main asa.client.AsaGame - Free memory: 12533416
DEBUG main asa.client.AsaGame - Max memory: 259522560
DEBUG main asa.client.AsaGame - Total memory: 16252928
INFO main asa.client.SlickLogger - Slick Build #274
INFO main asa.client.SlickLogger - LWJGL Version: 2.8.5
INFO main asa.client.SlickLogger - OriginalDisplayMode: 1920 x 1080 x 32 @59Hz
INFO main asa.client.SlickLogger - TargetDisplayMode: 1920 x 1080 x 32 @59Hz
INFO main asa.client.SlickLogger - Starting display 1920x1080
INFO main asa.client.SlickLogger - Use Java PNG Loader = true
INFO main asa.client.SlickLogger - Found 3 controllers
INFO main asa.client.SlickLogger - 0 : Micr
INFO main asa.client.SlickLogger - 1 : Micr
INFO main asa.client.SlickLogger - 2 : Micr
DEBUG main asa.client.AsaGame - Available processors: 4
DEBUG main asa.client.AsaGame - Free memory: 12531568
DEBUG main asa.client.AsaGame - Max memory: 259522560
DEBUG main asa.client.AsaGame - Total memory: 16252928
INFO main asa.client.SlickLogger - Slick Build #274
INFO main asa.client.SlickLogger - LWJGL Version: 2.8.5
INFO main asa.client.SlickLogger - OriginalDisplayMode: 1920 x 1080 x 32 @59Hz
INFO main asa.client.SlickLogger - TargetDisplayMode: 1920 x 1080 x 32 @59Hz
INFO main asa.client.SlickLogger - Starting display 1920x1080
INFO main asa.client.SlickLogger - Use Java PNG Loader = true
INFO main asa.client.SlickLogger - Found 3 controllers
INFO main asa.client.SlickLogger - 0 : Micr
INFO main asa.client.SlickLogger - 1 : Micr
INFO main asa.client.SlickLogger - 2 : Micr
ERROR main asa.client.Arduino - PortInUseException: gnu.io.PortInUseException: Unknown Application
DEBUG main asa.client.AsaGame - Available processors: 4
DEBUG main asa.client.AsaGame - Free memory: 12531568
DEBUG main asa.client.AsaGame - Max memory: 259522560
DEBUG main asa.client.AsaGame - Total memory: 16252928
INFO main asa.client.SlickLogger - Slick Build #274
INFO main asa.client.SlickLogger - LWJGL Version: 2.8.5
INFO main asa.client.SlickLogger - OriginalDisplayMode: 1366 x 768 x 32 @60Hz
INFO main asa.client.SlickLogger - TargetDisplayMode: 1366 x 768 x 32 @60Hz
INFO main asa.client.SlickLogger - Starting display 1366x768
INFO main asa.client.SlickLogger - Use Java PNG Loader = true
INFO main asa.client.SlickLogger - Found 3 controllers
INFO main asa.client.SlickLogger - 0 : Micr
INFO main asa.client.SlickLogger - 1 : Micr
INFO main asa.client.SlickLogger - 2 : Micr
DEBUG main asa.client.AsaGame - Available processors: 4
DEBUG main asa.client.AsaGame - Free memory: 12530112
DEBUG main asa.client.AsaGame - Max memory: 259522560
DEBUG main asa.client.AsaGame - Total memory: 16252928
INFO main asa.client.SlickLogger - Slick Build #274
INFO main asa.client.SlickLogger - LWJGL Version: 2.8.5
INFO main asa.client.SlickLogger - OriginalDisplayMode: 1366 x 768 x 32 @60Hz
INFO main asa.client.SlickLogger - TargetDisplayMode: 1366 x 768 x 32 @60Hz
INFO main asa.client.SlickLogger - Starting display 1366x768
INFO main asa.client.SlickLogger - Use Java PNG Loader = true
INFO main asa.client.SlickLogger - Found 3 controllers
INFO main asa.client.SlickLogger - 0 : Micr
INFO main asa.client.SlickLogger - 1 : Micr
INFO main asa.client.SlickLogger - 2 : Micr
DEBUG main asa.client.AsaGame - Available processors: 4
DEBUG main asa.client.AsaGame - Free memory: 12533416
DEBUG main asa.client.AsaGame - Max memory: 259522560
DEBUG main asa.client.AsaGame - Total memory: 16252928
INFO main asa.client.SlickLogger - Slick Build #274
INFO main asa.client.SlickLogger - LWJGL Version: 2.8.5
INFO main asa.client.SlickLogger - OriginalDisplayMode: 1366 x 768 x 32 @60Hz
INFO main asa.client.SlickLogger - TargetDisplayMode: 1366 x 768 x 32 @60Hz
INFO main asa.client.SlickLogger - Starting display 1366x768
INFO main asa.client.SlickLogger - Use Java PNG Loader = true
INFO main asa.client.SlickLogger - Found 3 controllers
INFO main asa.client.SlickLogger - 0 : Micr
INFO main asa.client.SlickLogger - 1 : Micr
INFO main asa.client.SlickLogger - 2 : Micr
DEBUG main asa.client.AsaGame - Available processors: 4
DEBUG main asa.client.AsaGame - Free memory: 12531992
DEBUG main asa.client.AsaGame - Max memory: 259522560
DEBUG main asa.client.AsaGame - Total memory: 16252928
INFO main asa.client.SlickLogger - Slick Build #274
INFO main asa.client.SlickLogger - LWJGL Version: 2.8.5
INFO main asa.client.SlickLogger - OriginalDisplayMode: 1920 x 1080 x 32 @59Hz
INFO main asa.client.SlickLogger - TargetDisplayMode: 1920 x 1080 x 32 @59Hz
INFO main asa.client.SlickLogger - Starting display 1920x1080
INFO main asa.client.SlickLogger - Use Java PNG Loader = true
INFO main asa.client.SlickLogger - Found 3 controllers
INFO main asa.client.SlickLogger - 0 : Micr
INFO main asa.client.SlickLogger - 1 : Micr
INFO main asa.client.SlickLogger - 2 : Micr
DEBUG main asa.client.AsaGame - Available processors: 4
DEBUG main asa.client.AsaGame - Free memory: 12533448
DEBUG main asa.client.AsaGame - Max memory: 259522560
DEBUG main asa.client.AsaGame - Total memory: 16252928
INFO main asa.client.SlickLogger - Slick Build #274
INFO main asa.client.SlickLogger - LWJGL Version: 2.8.5
INFO main asa.client.SlickLogger - OriginalDisplayMode: 1920 x 1080 x 32 @59Hz
INFO main asa.client.SlickLogger - TargetDisplayMode: 1920 x 1080 x 32 @59Hz
INFO main asa.client.SlickLogger - Starting display 1920x1080
INFO main asa.client.SlickLogger - Use Java PNG Loader = true
INFO main asa.client.SlickLogger - Found 3 controllers
INFO main asa.client.SlickLogger - 0 : Micr
INFO main asa.client.SlickLogger - 1 : Micr
INFO main asa.client.SlickLogger - 2 : Micr
DEBUG main asa.client.AsaGame - Available processors: 4
DEBUG main asa.client.AsaGame - Free memory: 12533448
DEBUG main asa.client.AsaGame - Max memory: 259522560
DEBUG main asa.client.AsaGame - Total memory: 16252928
INFO main asa.client.SlickLogger - Slick Build #274
INFO main asa.client.SlickLogger - LWJGL Version: 2.8.5
INFO main asa.client.SlickLogger - OriginalDisplayMode: 1366 x 768 x 32 @60Hz
INFO main asa.client.SlickLogger - TargetDisplayMode: 1366 x 768 x 32 @60Hz
INFO main asa.client.SlickLogger - Starting display 1366x768
INFO main asa.client.SlickLogger - Use Java PNG Loader = true
INFO main asa.client.SlickLogger - Found 3 controllers
INFO main asa.client.SlickLogger - 0 : Micr
INFO main asa.client.SlickLogger - 1 : Micr
INFO main asa.client.SlickLogger - 2 : Micr
ERROR main asa.client.Arduino - PortInUseException: gnu.io.PortInUseException: Unknown Application
DEBUG main asa.client.AsaGame - Available processors: 4
DEBUG main asa.client.AsaGame - Free memory: 12533448
DEBUG main asa.client.AsaGame - Max memory: 259522560
DEBUG main asa.client.AsaGame - Total memory: 16252928
INFO main asa.client.SlickLogger - Slick Build #274
INFO main asa.client.SlickLogger - LWJGL Version: 2.8.5
INFO main asa.client.SlickLogger - OriginalDisplayMode: 1366 x 768 x 32 @60Hz
INFO main asa.client.SlickLogger - TargetDisplayMode: 1366 x 768 x 32 @60Hz
INFO main asa.client.SlickLogger - Starting display 1366x768
INFO main asa.client.SlickLogger - Use Java PNG Loader = true
INFO main asa.client.SlickLogger - Found 3 controllers
INFO main asa.client.SlickLogger - 0 : Micr
INFO main asa.client.SlickLogger - 1 : Micr
INFO main asa.client.SlickLogger - 2 : Micr
ERROR main asa.client.Arduino - PortInUseException: gnu.io.PortInUseException: Unknown Application
DEBUG main asa.client.AsaGame - Available processors: 4
DEBUG main asa.client.AsaGame - Free memory: 12533416
DEBUG main asa.client.AsaGame - Max memory: 259522560
DEBUG main asa.client.AsaGame - Total memory: 16252928
INFO main asa.client.SlickLogger - Slick Build #274
INFO main asa.client.SlickLogger - LWJGL Version: 2.8.5
INFO main asa.client.SlickLogger - OriginalDisplayMode: 1366 x 768 x 32 @60Hz
INFO main asa.client.SlickLogger - TargetDisplayMode: 1366 x 768 x 32 @60Hz
INFO main asa.client.SlickLogger - Starting display 1366x768
INFO main asa.client.SlickLogger - Use Java PNG Loader = true
INFO main asa.client.SlickLogger - Found 3 controllers
INFO main asa.client.SlickLogger - 0 : Micr
INFO main asa.client.SlickLogger - 1 : Micr
INFO main asa.client.SlickLogger - 2 : Micr
DEBUG main asa.client.AsaGame - Available processors: 4
DEBUG main asa.client.AsaGame - Free memory: 12533448
DEBUG main asa.client.AsaGame - Max memory: 259522560
DEBUG main asa.client.AsaGame - Total memory: 16252928
INFO main asa.client.SlickLogger - Slick Build #274
INFO main asa.client.SlickLogger - LWJGL Version: 2.8.5
INFO main asa.client.SlickLogger - OriginalDisplayMode: 1366 x 768 x 32 @60Hz
INFO main asa.client.SlickLogger - TargetDisplayMode: 1366 x 768 x 32 @60Hz
INFO main asa.client.SlickLogger - Starting display 1366x768
INFO main asa.client.SlickLogger - Use Java PNG Loader = true
INFO main asa.client.SlickLogger - Found 3 controllers
INFO main asa.client.SlickLogger - 0 : Micr
INFO main asa.client.SlickLogger - 1 : Micr
INFO main asa.client.SlickLogger - 2 : Micr
DEBUG main asa.client.AsaGame - Available processors: 4
DEBUG main asa.client.AsaGame - Free memory: 12533448
DEBUG main asa.client.AsaGame - Max memory: 259522560
DEBUG main asa.client.AsaGame - Total memory: 16252928
INFO main asa.client.SlickLogger - Slick Build #274
INFO main asa.client.SlickLogger - LWJGL Version: 2.8.5
INFO main asa.client.SlickLogger - OriginalDisplayMode: 1920 x 1080 x 32 @59Hz
INFO main asa.client.SlickLogger - TargetDisplayMode: 1920 x 1080 x 32 @59Hz
INFO main asa.client.SlickLogger - Starting display 1920x1080
INFO main asa.client.SlickLogger - Use Java PNG Loader = true
INFO main asa.client.SlickLogger - Found 3 controllers
INFO main asa.client.SlickLogger - 0 : Micr
INFO main asa.client.SlickLogger - 1 : Micr
INFO main asa.client.SlickLogger - 2 : Micr
DEBUG main asa.client.AsaGame - Available processors: 4
DEBUG main asa.client.AsaGame - Free memory: 12533416
DEBUG main asa.client.AsaGame - Max memory: 259522560
DEBUG main asa.client.AsaGame - Total memory: 16252928
INFO main asa.client.SlickLogger - Slick Build #274
INFO main asa.client.SlickLogger - LWJGL Version: 2.8.5
INFO main asa.client.SlickLogger - OriginalDisplayMode: 1920 x 1080 x 32 @59Hz
INFO main asa.client.SlickLogger - TargetDisplayMode: 1920 x 1080 x 32 @59Hz
INFO main asa.client.SlickLogger - Starting display 1920x1080
INFO main asa.client.SlickLogger - Use Java PNG Loader = true
INFO main asa.client.SlickLogger - Found 3 controllers
INFO main asa.client.SlickLogger - 0 : Micr
INFO main asa.client.SlickLogger - 1 : Micr
INFO main asa.client.SlickLogger - 2 : Micr
DEBUG main asa.client.AsaGame - Available processors: 4
DEBUG main asa.client.AsaGame - Free memory: 12533448
DEBUG main asa.client.AsaGame - Max memory: 259522560
DEBUG main asa.client.AsaGame - Total memory: 16252928
INFO main asa.client.SlickLogger - Slick Build #274
INFO main asa.client.SlickLogger - LWJGL Version: 2.8.5
INFO main asa.client.SlickLogger - OriginalDisplayMode: 1920 x 1080 x 32 @59Hz
INFO main asa.client.SlickLogger - TargetDisplayMode: 1920 x 1080 x 32 @59Hz
INFO main asa.client.SlickLogger - Starting display 1920x1080
INFO main asa.client.SlickLogger - Use Java PNG Loader = true
INFO main asa.client.SlickLogger - Found 3 controllers
INFO main asa.client.SlickLogger - 0 : Micr
INFO main asa.client.SlickLogger - 1 : Micr
INFO main asa.client.SlickLogger - 2 : Micr
DEBUG main asa.client.AsaGame - Available processors: 4
DEBUG main asa.client.AsaGame - Free memory: 12531992
DEBUG main asa.client.AsaGame - Max memory: 259522560
DEBUG main asa.client.AsaGame - Total memory: 16252928
INFO main asa.client.SlickLogger - Slick Build #274
INFO main asa.client.SlickLogger - LWJGL Version: 2.8.5
INFO main asa.client.SlickLogger - OriginalDisplayMode: 1920 x 1080 x 32 @59Hz
INFO main asa.client.SlickLogger - TargetDisplayMode: 1920 x 1080 x 32 @59Hz
INFO main asa.client.SlickLogger - Starting display 1920x1080
INFO main asa.client.SlickLogger - Use Java PNG Loader = true
INFO main asa.client.SlickLogger - Found 3 controllers
INFO main asa.client.SlickLogger - 0 : Micr
INFO main asa.client.SlickLogger - 1 : Micr
INFO main asa.client.SlickLogger - 2 : Micr
ERROR main asa.client.Arduino - PortInUseException: gnu.io.PortInUseException: Unknown Application
DEBUG main asa.client.AsaGame - Available processors: 4
DEBUG main asa.client.AsaGame - Free memory: 12531992
DEBUG main asa.client.AsaGame - Max memory: 259522560
DEBUG main asa.client.AsaGame - Total memory: 16252928
INFO main asa.client.SlickLogger - Slick Build #274
INFO main asa.client.SlickLogger - LWJGL Version: 2.8.5
INFO main asa.client.SlickLogger - OriginalDisplayMode: 1920 x 1080 x 32 @59Hz
INFO main asa.client.SlickLogger - TargetDisplayMode: 1920 x 1080 x 32 @59Hz
INFO main asa.client.SlickLogger - Starting display 1920x1080
INFO main asa.client.SlickLogger - Use Java PNG Loader = true
INFO main asa.client.SlickLogger - Found 3 controllers
INFO main asa.client.SlickLogger - 0 : Micr
INFO main asa.client.SlickLogger - 1 : Micr
INFO main asa.client.SlickLogger - 2 : Micr
ERROR main asa.client.Arduino - PortInUseException: gnu.io.PortInUseException: Unknown Application
DEBUG main asa.client.AsaGame - Available processors: 4
DEBUG main asa.client.AsaGame - Free memory: 12532032
DEBUG main asa.client.AsaGame - Max memory: 259522560
DEBUG main asa.client.AsaGame - Total memory: 16252928
INFO main asa.client.SlickLogger - Slick Build #274
INFO main asa.client.SlickLogger - LWJGL Version: 2.8.5
INFO main asa.client.SlickLogger - OriginalDisplayMode: 1920 x 1080 x 32 @59Hz
INFO main asa.client.SlickLogger - TargetDisplayMode: 1920 x 1080 x 32 @59Hz
INFO main asa.client.SlickLogger - Starting display 1920x1080
INFO main asa.client.SlickLogger - Use Java PNG Loader = true
INFO main asa.client.SlickLogger - Found 3 controllers
INFO main asa.client.SlickLogger - 0 : Micr
INFO main asa.client.SlickLogger - 1 : Micr
INFO main asa.client.SlickLogger - 2 : Micr
DEBUG main asa.client.AsaGame - Available processors: 4
DEBUG main asa.client.AsaGame - Free memory: 12533416
DEBUG main asa.client.AsaGame - Max memory: 259522560
DEBUG main asa.client.AsaGame - Total memory: 16252928
INFO main asa.client.SlickLogger - Slick Build #274
INFO main asa.client.SlickLogger - LWJGL Version: 2.8.5
INFO main asa.client.SlickLogger - OriginalDisplayMode: 1366 x 768 x 32 @60Hz
INFO main asa.client.SlickLogger - TargetDisplayMode: 1366 x 768 x 32 @60Hz
INFO main asa.client.SlickLogger - Starting display 1366x768
INFO main asa.client.SlickLogger - Use Java PNG Loader = true
INFO main asa.client.SlickLogger - Found 3 controllers
INFO main asa.client.SlickLogger - 0 : Micr
INFO main asa.client.SlickLogger - 1 : Micr
INFO main asa.client.SlickLogger - 2 : Micr
DEBUG main asa.client.AsaGame - Available processors: 4
DEBUG main asa.client.AsaGame - Free memory: 12533448
DEBUG main asa.client.AsaGame - Max memory: 259522560
DEBUG main asa.client.AsaGame - Total memory: 16252928
INFO main asa.client.SlickLogger - Slick Build #274
INFO main asa.client.SlickLogger - LWJGL Version: 2.8.5
INFO main asa.client.SlickLogger - OriginalDisplayMode: 1920 x 1080 x 32 @59Hz
INFO main asa.client.SlickLogger - TargetDisplayMode: 1920 x 1080 x 32 @59Hz
INFO main asa.client.SlickLogger - Starting display 1920x1080
INFO main asa.client.SlickLogger - Use Java PNG Loader = true
INFO main asa.client.SlickLogger - Found 3 controllers
INFO main asa.client.SlickLogger - 0 : Micr
INFO main asa.client.SlickLogger - 1 : Micr
INFO main asa.client.SlickLogger - 2 : Micr
DEBUG main asa.client.AsaGame - Available processors: 4
DEBUG main asa.client.AsaGame - Free memory: 12533448
DEBUG main asa.client.AsaGame - Max memory: 259522560
DEBUG main asa.client.AsaGame - Total memory: 16252928
INFO main asa.client.SlickLogger - Slick Build #274
INFO main asa.client.SlickLogger - LWJGL Version: 2.8.5
INFO main asa.client.SlickLogger - OriginalDisplayMode: 1920 x 1080 x 32 @59Hz
INFO main asa.client.SlickLogger - TargetDisplayMode: 1920 x 1080 x 32 @59Hz
INFO main asa.client.SlickLogger - Starting display 1920x1080
INFO main asa.client.SlickLogger - Use Java PNG Loader = true
INFO main asa.client.SlickLogger - Found 3 controllers
INFO main asa.client.SlickLogger - 0 : Micr
INFO main asa.client.SlickLogger - 1 : Micr
INFO main asa.client.SlickLogger - 2 : Micr
DEBUG main asa.client.AsaGame - Available processors: 4
DEBUG main asa.client.AsaGame - Free memory: 12533416
DEBUG main asa.client.AsaGame - Max memory: 259522560
DEBUG main asa.client.AsaGame - Total memory: 16252928
INFO main asa.client.SlickLogger - Slick Build #274
INFO main asa.client.SlickLogger - LWJGL Version: 2.8.5
INFO main asa.client.SlickLogger - OriginalDisplayMode: 1920 x 1080 x 32 @59Hz
INFO main asa.client.SlickLogger - TargetDisplayMode: 1920 x 1080 x 32 @59Hz
INFO main asa.client.SlickLogger - Starting display 1920x1080
INFO main asa.client.SlickLogger - Use Java PNG Loader = true
INFO main asa.client.SlickLogger - Found 3 controllers
INFO main asa.client.SlickLogger - 0 : Micr
INFO main asa.client.SlickLogger - 1 : Micr
INFO main asa.client.SlickLogger - 2 : Micr
DEBUG main asa.client.AsaGame - Available processors: 4
DEBUG main asa.client.AsaGame - Free memory: 12531992
DEBUG main asa.client.AsaGame - Max memory: 259522560
DEBUG main asa.client.AsaGame - Total memory: 16252928
INFO main asa.client.SlickLogger - Slick Build #274
INFO main asa.client.SlickLogger - LWJGL Version: 2.8.5
INFO main asa.client.SlickLogger - OriginalDisplayMode: 1366 x 768 x 32 @60Hz
INFO main asa.client.SlickLogger - TargetDisplayMode: 1366 x 768 x 32 @60Hz
INFO main asa.client.SlickLogger - Starting display 1366x768
INFO main asa.client.SlickLogger - Use Java PNG Loader = true
INFO main asa.client.SlickLogger - Found 3 controllers
INFO main asa.client.SlickLogger - 0 : Micr
INFO main asa.client.SlickLogger - 1 : Micr
INFO main asa.client.SlickLogger - 2 : Micr
DEBUG main asa.client.AsaGame - Available processors: 4
DEBUG main asa.client.AsaGame - Free memory: 12531960
DEBUG main asa.client.AsaGame - Max memory: 259522560
DEBUG main asa.client.AsaGame - Total memory: 16252928
INFO main asa.client.SlickLogger - Slick Build #274
INFO main asa.client.SlickLogger - LWJGL Version: 2.8.5
INFO main asa.client.SlickLogger - OriginalDisplayMode: 1920 x 1080 x 32 @59Hz
INFO main asa.client.SlickLogger - TargetDisplayMode: 1920 x 1080 x 32 @59Hz
INFO main asa.client.SlickLogger - Starting display 1920x1080
INFO main asa.client.SlickLogger - Use Java PNG Loader = true
INFO main asa.client.SlickLogger - Found 3 controllers
INFO main asa.client.SlickLogger - 0 : Micr
INFO main asa.client.SlickLogger - 1 : Micr
INFO main asa.client.SlickLogger - 2 : Micr
DEBUG main asa.client.AsaGame - Available processors: 4
DEBUG main asa.client.AsaGame - Free memory: 12533448
DEBUG main asa.client.AsaGame - Max memory: 259522560
DEBUG main asa.client.AsaGame - Total memory: 16252928
INFO main asa.client.SlickLogger - Slick Build #274
INFO main asa.client.SlickLogger - LWJGL Version: 2.8.5
INFO main asa.client.SlickLogger - OriginalDisplayMode: 1920 x 1080 x 32 @59Hz
INFO main asa.client.SlickLogger - TargetDisplayMode: 1920 x 1080 x 32 @59Hz
INFO main asa.client.SlickLogger - Starting display 1920x1080
INFO main asa.client.SlickLogger - Use Java PNG Loader = true
INFO main asa.client.SlickLogger - Found 3 controllers
INFO main asa.client.SlickLogger - 0 : Micr
INFO main asa.client.SlickLogger - 1 : Micr
INFO main asa.client.SlickLogger - 2 : Micr
DEBUG main asa.client.AsaGame - Available processors: 4
DEBUG main asa.client.AsaGame - Free memory: 12533416
DEBUG main asa.client.AsaGame - Max memory: 259522560
DEBUG main asa.client.AsaGame - Total memory: 16252928
INFO main asa.client.SlickLogger - Slick Build #274
INFO main asa.client.SlickLogger - LWJGL Version: 2.8.5
INFO main asa.client.SlickLogger - OriginalDisplayMode: 1920 x 1080 x 32 @59Hz
INFO main asa.client.SlickLogger - TargetDisplayMode: 1920 x 1080 x 32 @59Hz
INFO main asa.client.SlickLogger - Starting display 1920x1080
INFO main asa.client.SlickLogger - Use Java PNG Loader = true
INFO main asa.client.SlickLogger - Found 3 controllers
INFO main asa.client.SlickLogger - 0 : Micr
INFO main asa.client.SlickLogger - 1 : Micr
INFO main asa.client.SlickLogger - 2 : Micr
DEBUG main asa.client.AsaGame - Available processors: 4
DEBUG main asa.client.AsaGame - Free memory: 12533416
DEBUG main asa.client.AsaGame - Max memory: 259522560
DEBUG main asa.client.AsaGame - Total memory: 16252928
INFO main asa.client.SlickLogger - Slick Build #274
INFO main asa.client.SlickLogger - LWJGL Version: 2.8.5
INFO main asa.client.SlickLogger - OriginalDisplayMode: 1920 x 1080 x 32 @59Hz
INFO main asa.client.SlickLogger - TargetDisplayMode: 1920 x 1080 x 32 @59Hz
INFO main asa.client.SlickLogger - Starting display 1920x1080
INFO main asa.client.SlickLogger - Use Java PNG Loader = true
INFO main asa.client.SlickLogger - Found 3 controllers
INFO main asa.client.SlickLogger - 0 : Micr
INFO main asa.client.SlickLogger - 1 : Micr
INFO main asa.client.SlickLogger - 2 : Micr
DEBUG main asa.client.AsaGame - Available processors: 4
DEBUG main asa.client.AsaGame - Free memory: 12534408
DEBUG main asa.client.AsaGame - Max memory: 259522560
DEBUG main asa.client.AsaGame - Total memory: 16252928
INFO main asa.client.SlickLogger - Slick Build #274
INFO main asa.client.SlickLogger - LWJGL Version: 2.8.5
INFO main asa.client.SlickLogger - OriginalDisplayMode: 1366 x 768 x 32 @60Hz
INFO main asa.client.SlickLogger - TargetDisplayMode: 1366 x 768 x 32 @60Hz
INFO main asa.client.SlickLogger - Starting display 1366x768
INFO main asa.client.SlickLogger - Use Java PNG Loader = true
INFO main asa.client.SlickLogger - Found 3 controllers
INFO main asa.client.SlickLogger - 0 : Micr
INFO main asa.client.SlickLogger - 1 : Micr
INFO main asa.client.SlickLogger - 2 : Micr
DEBUG main asa.client.AsaGame - Available processors: 4
DEBUG main asa.client.AsaGame - Free memory: 12531616
DEBUG main asa.client.AsaGame - Max memory: 259522560
DEBUG main asa.client.AsaGame - Total memory: 16252928
INFO main asa.client.SlickLogger - Slick Build #274
INFO main asa.client.SlickLogger - LWJGL Version: 2.8.5
INFO main asa.client.SlickLogger - OriginalDisplayMode: 1366 x 768 x 32 @60Hz
INFO main asa.client.SlickLogger - TargetDisplayMode: 1366 x 768 x 32 @60Hz
INFO main asa.client.SlickLogger - Starting display 1366x768
INFO main asa.client.SlickLogger - Use Java PNG Loader = true
INFO main asa.client.SlickLogger - Found 3 controllers
INFO main asa.client.SlickLogger - 0 : Micr
INFO main asa.client.SlickLogger - 1 : Micr
INFO main asa.client.SlickLogger - 2 : Micr
DEBUG main asa.client.AsaGame - Available processors: 4
DEBUG main asa.client.AsaGame - Free memory: 12533072
DEBUG main asa.client.AsaGame - Max memory: 259522560
DEBUG main asa.client.AsaGame - Total memory: 16252928
INFO main asa.client.SlickLogger - Slick Build #274
INFO main asa.client.SlickLogger - LWJGL Version: 2.8.5
INFO main asa.client.SlickLogger - OriginalDisplayMode: 1920 x 1080 x 32 @59Hz
INFO main asa.client.SlickLogger - TargetDisplayMode: 1920 x 1080 x 32 @59Hz
INFO main asa.client.SlickLogger - Starting display 1920x1080
INFO main asa.client.SlickLogger - Use Java PNG Loader = true
INFO main asa.client.SlickLogger - Found 3 controllers
INFO main asa.client.SlickLogger - 0 : Micr
INFO main asa.client.SlickLogger - 1 : Micr
INFO main asa.client.SlickLogger - 2 : Micr
DEBUG main asa.client.AsaGame - Available processors: 4
DEBUG main asa.client.AsaGame - Free memory: 12533072
DEBUG main asa.client.AsaGame - Max memory: 259522560
DEBUG main asa.client.AsaGame - Total memory: 16252928
INFO main asa.client.SlickLogger - Slick Build #274
INFO main asa.client.SlickLogger - LWJGL Version: 2.8.5
INFO main asa.client.SlickLogger - OriginalDisplayMode: 1920 x 1080 x 32 @59Hz
INFO main asa.client.SlickLogger - TargetDisplayMode: 1920 x 1080 x 32 @59Hz
INFO main asa.client.SlickLogger - Starting display 1920x1080
INFO main asa.client.SlickLogger - Use Java PNG Loader = true
INFO main asa.client.SlickLogger - Found 3 controllers
INFO main asa.client.SlickLogger - 0 : Micr
INFO main asa.client.SlickLogger - 1 : Micr
INFO main asa.client.SlickLogger - 2 : Micr
DEBUG main asa.client.AsaGame - Available processors: 4
DEBUG main asa.client.AsaGame - Free memory: 12531648
DEBUG main asa.client.AsaGame - Max memory: 259522560
DEBUG main asa.client.AsaGame - Total memory: 16252928
INFO main asa.client.SlickLogger - Slick Build #274
INFO main asa.client.SlickLogger - LWJGL Version: 2.8.5
INFO main asa.client.SlickLogger - OriginalDisplayMode: 1920 x 1080 x 32 @59Hz
INFO main asa.client.SlickLogger - TargetDisplayMode: 1920 x 1080 x 32 @59Hz
INFO main asa.client.SlickLogger - Starting display 1920x1080
INFO main asa.client.SlickLogger - Use Java PNG Loader = true
INFO main asa.client.SlickLogger - Found 3 controllers
INFO main asa.client.SlickLogger - 0 : Micr
INFO main asa.client.SlickLogger - 1 : Micr
INFO main asa.client.SlickLogger - 2 : Micr
DEBUG main asa.client.AsaGame - Available processors: 4
DEBUG main asa.client.AsaGame - Free memory: 12531648
DEBUG main asa.client.AsaGame - Max memory: 259522560
DEBUG main asa.client.AsaGame - Total memory: 16252928
INFO main asa.client.SlickLogger - Slick Build #274
INFO main asa.client.SlickLogger - LWJGL Version: 2.8.5
INFO main asa.client.SlickLogger - OriginalDisplayMode: 1920 x 1080 x 32 @59Hz
INFO main asa.client.SlickLogger - TargetDisplayMode: 1920 x 1080 x 32 @59Hz
INFO main asa.client.SlickLogger - Starting display 1920x1080
INFO main asa.client.SlickLogger - Use Java PNG Loader = true
INFO main asa.client.SlickLogger - Found 3 controllers
INFO main asa.client.SlickLogger - 0 : Micr
INFO main asa.client.SlickLogger - 1 : Micr
INFO main asa.client.SlickLogger - 2 : Micr
DEBUG main asa.client.AsaGame - Available processors: 4
DEBUG main asa.client.AsaGame - Free memory: 12531912
DEBUG main asa.client.AsaGame - Max memory: 259522560
DEBUG main asa.client.AsaGame - Total memory: 16252928
INFO main asa.client.SlickLogger - Slick Build #274
INFO main asa.client.SlickLogger - LWJGL Version: 2.8.5
INFO main asa.client.SlickLogger - OriginalDisplayMode: 1920 x 1080 x 32 @59Hz
INFO main asa.client.SlickLogger - TargetDisplayMode: 1920 x 1080 x 32 @59Hz
INFO main asa.client.SlickLogger - Starting display 1920x1080
INFO main asa.client.SlickLogger - Use Java PNG Loader = true
INFO main asa.client.SlickLogger - Found 3 controllers
INFO main asa.client.SlickLogger - 0 : Micr
INFO main asa.client.SlickLogger - 1 : Micr
INFO main asa.client.SlickLogger - 2 : Micr
DEBUG main asa.client.AsaGame - Available processors: 4
DEBUG main asa.client.AsaGame - Free memory: 12534640
DEBUG main asa.client.AsaGame - Max memory: 259522560
DEBUG main asa.client.AsaGame - Total memory: 16252928
INFO main asa.client.SlickLogger - Slick Build #274
INFO main asa.client.SlickLogger - LWJGL Version: 2.8.5
INFO main asa.client.SlickLogger - OriginalDisplayMode: 1920 x 1080 x 32 @59Hz
INFO main asa.client.SlickLogger - TargetDisplayMode: 1920 x 1080 x 32 @59Hz
INFO main asa.client.SlickLogger - Starting display 1920x1080
INFO main asa.client.SlickLogger - Use Java PNG Loader = true
INFO main asa.client.SlickLogger - Found 3 controllers
INFO main asa.client.SlickLogger - 0 : Micr
INFO main asa.client.SlickLogger - 1 : Micr
INFO main asa.client.SlickLogger - 2 : Micr
DEBUG main asa.client.AsaGame - Available processors: 4
DEBUG main asa.client.AsaGame - Free memory: 12531672
DEBUG main asa.client.AsaGame - Max memory: 259522560
DEBUG main asa.client.AsaGame - Total memory: 16252928
INFO main asa.client.SlickLogger - Slick Build #274
INFO main asa.client.SlickLogger - LWJGL Version: 2.8.5
INFO main asa.client.SlickLogger - OriginalDisplayMode: 1920 x 1080 x 32 @59Hz
INFO main asa.client.SlickLogger - TargetDisplayMode: 1920 x 1080 x 32 @59Hz
INFO main asa.client.SlickLogger - Starting display 1920x1080
INFO main asa.client.SlickLogger - Use Java PNG Loader = true
INFO main asa.client.SlickLogger - Found 3 controllers
INFO main asa.client.SlickLogger - 0 : Micr
INFO main asa.client.SlickLogger - 1 : Micr
INFO main asa.client.SlickLogger - 2 : Micr
DEBUG main asa.client.AsaGame - Available processors: 4
DEBUG main asa.client.AsaGame - Free memory: 12533128
DEBUG main asa.client.AsaGame - Max memory: 259522560
DEBUG main asa.client.AsaGame - Total memory: 16252928
INFO main asa.client.SlickLogger - Slick Build #274
INFO main asa.client.SlickLogger - LWJGL Version: 2.8.5
INFO main asa.client.SlickLogger - OriginalDisplayMode: 1920 x 1080 x 32 @59Hz
INFO main asa.client.SlickLogger - TargetDisplayMode: 1920 x 1080 x 32 @59Hz
INFO main asa.client.SlickLogger - Starting display 1920x1080
INFO main asa.client.SlickLogger - Use Java PNG Loader = true
INFO main asa.client.SlickLogger - Found 3 controllers
INFO main asa.client.SlickLogger - 0 : Micr
INFO main asa.client.SlickLogger - 1 : Micr
INFO main asa.client.SlickLogger - 2 : Micr
